<?xml version="1.0" encoding="UTF-8"?>
<!-- Generated by org.testng.reporters.JUnitXMLReporter -->
<testsuite ignored="5" hostname="DESKTOP-HU5627B" failures="1" tests="1" name="Default test(failed)" time="0.176" errors="0" timestamp="2023-02-11T14:43:01 IST">
  <testcase classname="com.AmazonAutomation.QA.TestCases.displayBabyoilProductsObjectTestCase" name="displayBabyoilProucts_validdata" time="0.012">
    <failure type="java.lang.IllegalArgumentException" message="Driver must be set">
      <![CDATA[java.lang.IllegalArgumentException: Driver must be set
at org.openqa.selenium.internal.Require.nonNull(Require.java:59)
at org.openqa.selenium.interactions.Actions.<init>(Actions.java:60)
at com.AmazonAutomation.QA.LoginPageObjects.displayBabyOilPdoductsPageObjects.displayBabyoilProucts_validdata(displayBabyOilPdoductsPageObjects.java:40)
at com.AmazonAutomation.QA.TestCases.displayBabyoilProductsObjectTestCase.displayBabyoilProucts_validdata(displayBabyoilProductsObjectTestCase.java:35)
at java.base/java.util.ArrayList.forEach(ArrayList.java:1511)
... Removed 27 stack frames]]>
    </failure>
  </testcase> <!-- displayBabyoilProucts_validdata -->
  <testcase classname="com.AmazonAutomation.QA.TestCases.displayBabyoilProductsObjectTestCase" name="signout" time="0.0">
    <ignored/>
  </testcase> <!-- signout -->
  <testcase classname="com.AmazonAutomation.QA.TestCases.displayBabyoilProductsObjectTestCase" name="Login" time="0.0">
    <ignored/>
  </testcase> <!-- Login -->
  <testcase classname="com.AmazonAutomation.QA.TestCases.displayBabyoilProductsObjectTestCase" name="displaydropdown" time="0.0">
    <ignored/>
  </testcase> <!-- displaydropdown -->
  <testcase classname="com.AmazonAutomation.QA.TestCases.displayBabyoilProductsObjectTestCase" name="launchandLogin" time="0.0">
    <ignored/>
  </testcase> <!-- launchandLogin -->
  <testcase classname="com.AmazonAutomation.BaseClass.BaseClass" name="initilize" time="0.0">
    <ignored/>
  </testcase> <!-- initilize -->
</testsuite> <!-- Default test(failed) -->
